TN:
SF:src\services\slices\ConstructorSlice.ts
FN:19,selectBun
FN:20,selectIngredients
FN:24,reducer
FN:31,prepare
FN:36,removeIngridient
FN:44,moveIngridientUp
FN:58,moveIngridientDown
FN:72,clearConstructor
FNF:8
FNH:8
FNDA:1,selectBun
FNDA:1,selectIngredients
FNDA:2,reducer
FNDA:2,prepare
FNDA:1,removeIngridient
FNDA:1,moveIngridientUp
FNDA:1,moveIngridientDown
FNDA:1,clearConstructor
DA:1,1
DA:2,1
DA:3,1
DA:4,1
DA:5,1
DA:6,1
DA:7,1
DA:8,1
DA:9,1
DA:10,1
DA:11,1
DA:12,1
DA:13,1
DA:14,1
DA:15,1
DA:16,1
DA:17,1
DA:18,1
DA:19,1
DA:20,1
DA:21,1
DA:22,1
DA:23,1
DA:24,1
DA:25,2
DA:26,1
DA:27,1
DA:28,1
DA:29,1
DA:30,1
DA:31,1
DA:32,2
DA:33,2
DA:34,2
DA:35,1
DA:36,1
DA:37,1
DA:38,1
DA:39,1
DA:40,1
DA:41,1
DA:42,1
DA:43,1
DA:44,1
DA:45,1
DA:46,1
DA:47,1
DA:48,1
DA:49,1
DA:50,1
DA:51,1
DA:52,1
DA:53,1
DA:54,1
DA:55,1
DA:56,1
DA:57,1
DA:58,1
DA:59,1
DA:60,1
DA:61,1
DA:62,1
DA:63,1
DA:64,1
DA:65,1
DA:66,1
DA:67,1
DA:68,1
DA:69,1
DA:70,1
DA:71,1
DA:72,1
DA:73,1
DA:74,1
DA:75,1
DA:76,1
DA:77,1
LF:77
LH:77
BRDA:19,0,0,1
BRDA:20,1,0,1
BRDA:24,2,0,2
BRDA:25,3,0,1
BRDA:31,4,0,2
BRDA:36,5,0,1
BRDA:41,6,0,1
BRDA:44,7,0,1
BRDA:49,8,0,2
BRDA:58,9,0,1
BRDA:63,10,0,1
BRDA:72,11,0,1
BRF:12
BRH:12
end_of_record
TN:
SF:src\services\slices\FeedSlice.ts
FN:28,selectOrders
FN:29,selectTotal
FN:30,selectTotalToday
FN:31,selectLoading
FN:32,selectError
FN:34,extraReducers
FNF:6
FNH:1
FNDA:0,selectOrders
FNDA:0,selectTotal
FNDA:0,selectTotalToday
FNDA:0,selectLoading
FNDA:0,selectError
FNDA:1,extraReducers
DA:1,1
DA:2,1
DA:3,1
DA:4,1
DA:5,1
DA:6,1
DA:7,1
DA:8,1
DA:9,1
DA:10,1
DA:11,1
DA:12,1
DA:13,1
DA:14,1
DA:15,1
DA:16,1
DA:17,1
DA:18,1
DA:19,1
DA:20,1
DA:21,1
DA:22,1
DA:23,1
DA:24,1
DA:25,1
DA:26,1
DA:27,1
DA:28,1
DA:29,1
DA:30,1
DA:31,1
DA:32,1
DA:33,1
DA:34,1
DA:35,1
DA:36,1
DA:37,1
DA:38,1
DA:39,1
DA:40,1
DA:41,1
DA:42,1
DA:43,1
DA:44,1
DA:45,1
DA:46,1
DA:47,1
DA:48,1
DA:49,1
DA:50,1
DA:51,1
DA:52,1
DA:53,1
DA:54,1
DA:55,1
DA:56,1
DA:57,1
LF:57
LH:57
BRDA:34,0,0,1
BRDA:36,1,0,1
BRDA:43,2,0,1
BRDA:47,3,0,1
BRDA:52,4,0,0
BRF:5
BRH:4
end_of_record
TN:
SF:src\services\slices\IngridientSlice.ts
FN:27,selectIngredients
FN:28,selectLoading
FN:29,selectError
FN:31,extraReducers
FNF:4
FNH:1
FNDA:0,selectIngredients
FNDA:0,selectLoading
FNDA:0,selectError
FNDA:1,extraReducers
DA:1,1
DA:2,1
DA:3,1
DA:4,1
DA:5,1
DA:6,1
DA:7,1
DA:8,1
DA:9,1
DA:10,1
DA:11,1
DA:12,1
DA:13,1
DA:14,1
DA:15,1
DA:16,1
DA:17,1
DA:18,1
DA:19,1
DA:20,1
DA:21,1
DA:22,1
DA:23,1
DA:24,1
DA:25,1
DA:26,1
DA:27,1
DA:28,1
DA:29,1
DA:30,1
DA:31,1
DA:32,1
DA:33,1
DA:34,1
DA:35,1
DA:36,1
DA:37,1
DA:38,1
DA:39,1
DA:40,1
DA:41,1
DA:42,1
DA:43,1
DA:44,1
DA:45,1
DA:46,1
DA:47,1
DA:48,1
DA:49,1
LF:49
LH:49
BRDA:31,0,0,1
BRDA:33,1,0,1
BRDA:38,2,0,1
BRDA:42,3,0,1
BRDA:44,4,0,0
BRF:5
BRH:4
end_of_record
TN:
SF:src\services\slices\OrderSlice.ts
FN:40,clearOrder
FN:43,selectOrderModalData
FN:44,selectOrderRequest
FN:45,selectUserOrders
FN:46,selectLoading
FN:47,selectError
FN:49,extraReducers
FNF:7
FNH:1
FNDA:0,clearOrder
FNDA:0,selectOrderModalData
FNDA:0,selectOrderRequest
FNDA:0,selectUserOrders
FNDA:0,selectLoading
FNDA:0,selectError
FNDA:1,extraReducers
DA:1,1
DA:2,1
DA:3,1
DA:4,1
DA:5,1
DA:6,1
DA:7,1
DA:8,1
DA:9,1
DA:10,1
DA:11,1
DA:12,1
DA:13,1
DA:14,1
DA:15,1
DA:16,1
DA:17,1
DA:18,1
DA:19,1
DA:20,1
DA:21,1
DA:22,1
DA:23,1
DA:24,1
DA:25,1
DA:26,1
DA:27,1
DA:28,1
DA:29,1
DA:30,1
DA:31,1
DA:32,1
DA:33,1
DA:34,1
DA:35,1
DA:36,1
DA:37,1
DA:38,1
DA:39,1
DA:40,1
DA:41,1
DA:42,1
DA:43,1
DA:44,1
DA:45,1
DA:46,1
DA:47,1
DA:48,1
DA:49,1
DA:50,1
DA:51,1
DA:52,1
DA:53,1
DA:54,1
DA:55,1
DA:56,1
DA:57,1
DA:58,1
DA:59,1
DA:60,1
DA:61,1
DA:62,1
DA:63,1
DA:64,1
DA:65,1
DA:66,1
DA:67,1
DA:68,1
DA:69,1
DA:70,1
DA:71,1
DA:72,1
DA:73,1
DA:74,1
DA:75,1
DA:76,1
DA:77,1
DA:78,1
DA:79,1
DA:80,1
DA:81,1
DA:82,1
DA:83,1
DA:84,1
DA:85,1
DA:86,1
DA:87,1
DA:88,1
DA:89,1
DA:90,1
DA:91,1
DA:92,1
DA:93,1
DA:94,1
DA:95,1
DA:96,1
DA:97,1
DA:98,1
DA:99,1
DA:100,1
LF:100
LH:100
BRDA:49,0,0,1
BRDA:51,1,0,1
BRDA:56,2,0,1
BRDA:61,3,0,1
BRDA:63,4,0,0
BRDA:67,5,0,1
BRDA:69,6,0,0
BRDA:69,7,0,0
BRDA:71,8,0,1
BRDA:76,9,0,1
BRDA:78,10,0,0
BRDA:82,11,0,1
BRDA:86,12,0,1
BRDA:91,13,0,1
BRDA:93,14,0,0
BRF:15
BRH:10
end_of_record
TN:
SF:src\services\slices\__tests__\mockData.ts
FNF:0
FNH:0
DA:1,1
DA:2,1
DA:3,1
DA:4,1
DA:5,1
DA:6,1
DA:7,1
DA:8,1
DA:9,1
DA:10,1
DA:11,1
DA:12,1
DA:13,1
DA:14,1
DA:15,1
DA:16,1
DA:17,1
DA:18,1
DA:19,1
DA:20,1
DA:21,1
DA:22,1
DA:23,1
DA:24,1
DA:25,1
DA:26,1
DA:27,1
DA:28,1
DA:29,1
DA:30,1
DA:31,1
DA:32,1
DA:33,1
DA:34,1
DA:35,1
DA:36,1
DA:37,1
DA:38,1
DA:39,1
DA:40,1
DA:41,1
DA:42,1
DA:43,1
DA:44,1
DA:45,1
DA:46,1
DA:47,1
DA:48,1
DA:49,1
DA:50,1
DA:51,1
DA:52,1
DA:53,1
DA:54,1
DA:55,1
DA:56,1
DA:57,1
DA:58,1
DA:59,1
DA:60,1
DA:61,1
DA:62,1
DA:63,1
DA:64,1
DA:65,1
DA:66,1
DA:67,1
DA:68,1
DA:69,1
DA:70,1
DA:71,1
DA:72,1
DA:73,1
DA:74,1
DA:75,1
DA:76,1
DA:77,1
DA:78,1
DA:79,1
DA:80,1
DA:81,1
DA:82,1
DA:83,1
DA:84,1
DA:85,1
DA:86,1
DA:87,1
DA:88,1
DA:89,1
DA:90,1
DA:91,1
DA:92,1
DA:93,1
DA:94,1
DA:95,1
DA:96,1
DA:97,1
DA:98,1
DA:99,1
DA:100,1
DA:101,1
DA:102,1
DA:103,1
DA:104,1
DA:105,1
DA:106,1
DA:107,1
DA:108,1
DA:109,1
DA:110,1
DA:111,1
DA:112,1
DA:113,1
DA:114,1
DA:115,1
DA:116,1
LF:116
LH:116
BRF:0
BRH:0
end_of_record
